<?xml version="1.0" encoding="UTF-8"?>
<TestRun id="8ccaafa6-5a03-4a5f-b10b-b78299d05f3d" name="Administrator@Y4U1RAYMDFBAGNI 2016-03-14 15:18:13" runUser="Y4U1RAYMDFBAGNI\Administrator" xmlns="http://microsoft.com/schemas/VisualStudio/TeamTest/2010">
  <TestSettings name="本地" id="d1a74c4a-35e3-41bb-b0bc-9b840970a156">
    <Description>这些设置为本地测试运行的默认测试设置。</Description>
    <Deployment enabled="false" runDeploymentRoot="Administrator_Y4U1RAYMDFBAGNI 2016-03-14 15_18_13">
      <DeploymentItem filename="D:\ConsoleApplication1\ConsoleApplication1\bin\Debug\ConsoleApplication1.exe" />
    </Deployment>
    <Execution>
      <TestTypeSpecific />
      <AgentRule name="Execution Agents">
      </AgentRule>
    </Execution>
  </TestSettings>
  <Times creation="2016-03-14T15:18:13.7285957+08:00" queuing="2016-03-14T15:18:13.7525970+08:00" start="2016-03-14T15:18:13.7705981+08:00" finish="2016-03-14T15:18:14.3206295+08:00" />
  <ResultSummary outcome="Completed">
    <Counters total="1" executed="1" passed="1" error="0" failed="0" timeout="0" aborted="0" inconclusive="0" passedButRunAborted="0" notRunnable="0" notExecuted="0" disconnected="0" warning="0" completed="0" inProgress="0" pending="0" />
  </ResultSummary>
  <TestDefinitions>
    <UnitTest name="AddTest" storage="d:\consoleapplication1\testadd\bin\debug\testadd.dll" id="8936c5d2-c643-c966-a5f6-f57fb329211b">
      <Execution id="8945bd6d-521d-48fc-8863-4941c85c937f" />
      <TestMethod codeBase="D:/ConsoleApplication1/TestAdd/bin/Debug/TestAdd.DLL" adapterTypeName="Microsoft.VisualStudio.TestTools.TestTypes.Unit.UnitTestAdapter, Microsoft.VisualStudio.QualityTools.Tips.UnitTest.Adapter, Version=10.0.0.0, Culture=neutral, PublicKeyToken=b03f5f7f11d50a3a" className="TestAdd.ProgramTest, TestAdd, Version=1.0.0.0, Culture=neutral, PublicKeyToken=null" name="AddTest" />
    </UnitTest>
  </TestDefinitions>
  <TestLists>
    <TestList name="列表中未列出的结果" id="8c84fa94-04c1-424b-9868-57a2d4851a1d" />
    <TestList name="所有已加载的结果" id="19431567-8539-422a-85d7-44ee4e166bda" />
  </TestLists>
  <TestEntries>
    <TestEntry testId="8936c5d2-c643-c966-a5f6-f57fb329211b" executionId="8945bd6d-521d-48fc-8863-4941c85c937f" testListId="8c84fa94-04c1-424b-9868-57a2d4851a1d" />
  </TestEntries>
  <Results>
    <UnitTestResult executionId="8945bd6d-521d-48fc-8863-4941c85c937f" testId="8936c5d2-c643-c966-a5f6-f57fb329211b" testName="AddTest" computerName="Y4U1RAYMDFBAGNI" duration="00:00:00.0240322" startTime="2016-03-14T15:18:13.7835988+08:00" endTime="2016-03-14T15:18:14.3046286+08:00" testType="13cdc9d9-ddb5-4fa4-a97d-d965ccfc6d4b" outcome="Passed" testListId="8c84fa94-04c1-424b-9868-57a2d4851a1d" relativeResultsDirectory="8945bd6d-521d-48fc-8863-4941c85c937f">
    </UnitTestResult>
  </Results>
</TestRun>